Automated update on Sat Feb 28 15:30:12 UTC 2026
Automated update on Sun Mar  1 14:48:59 UTC 2026
Automated update on Mon Mar  2 15:06:13 UTC 2026
Automated update on Tue Mar  3 15:11:45 UTC 2026
Automated update on Wed Mar  4 15:04:35 UTC 2026
Automated update on Thu Mar  5 15:12:02 UTC 2026
Automated update on Fri Mar  6 15:04:13 UTC 2026
Automated update on Sat Mar  7 14:49:23 UTC 2026
Automated update on Sun Mar  8 14:49:51 UTC 2026
Automated update on Mon Mar  9 15:30:32 UTC 2026
Automated update on Tue Mar 10 15:30:17 UTC 2026
Automated update on Wed Mar 11 15:12:05 UTC 2026
Automated update on Thu Mar 12 15:28:49 UTC 2026
Automated update on Fri Mar 13 15:08:25 UTC 2026
Automated update on Sat Mar 14 14:53:30 UTC 2026
Automated update on Sun Mar 15 14:55:16 UTC 2026
Automated update on Mon Mar 16 15:39:16 UTC 2026
Automated update on Tue Mar 17 15:37:38 UTC 2026
Automated update on Wed Mar 18 15:47:43 UTC 2026
Automated update on Thu Mar 19 15:11:54 UTC 2026
Automated update on Fri Mar 20 15:10:18 UTC 2026
Automated update on Sat Mar 21 14:52:32 UTC 2026
Automated update on Sun Mar 22 14:53:10 UTC 2026
Automated update on Mon Mar 23 15:35:13 UTC 2026
Automated update on Tue Mar 24 15:41:58 UTC 2026
Automated update on Wed Mar 25 15:44:14 UTC 2026
Automated update on Thu Mar 26 15:50:27 UTC 2026
Automated update on Fri Mar 27 15:25:14 UTC 2026
Automated update on Sat Mar 28 14:57:42 UTC 2026
Automated update on Sun Mar 29 14:59:37 UTC 2026
Automated update on Mon Mar 30 15:49:59 UTC 2026
Automated update on Tue Mar 31 15:45:18 UTC 2026
Automated update on Wed Apr  1 15:52:39 UTC 2026
Automated update on Thu Apr  2 15:34:25 UTC 2026
Automated update on Fri Apr  3 15:08:20 UTC 2026
Automated update on Sat Apr  4 14:58:41 UTC 2026
Automated update on Sun Apr  5 15:00:40 UTC 2026
Automated update on Mon Apr  6 15:11:11 UTC 2026
Automated update on Tue Apr  7 15:54:25 UTC 2026
Automated update on Wed Apr  8 15:56:09 UTC 2026
Automated update on Thu Apr  9 16:00:26 UTC 2026
Automated update on Fri Apr 10 15:12:45 UTC 2026
Automated update on Sat Apr 11 15:01:44 UTC 2026
Automated update on Sun Apr 12 15:04:24 UTC 2026
Automated update on Mon Apr 13 15:55:23 UTC 2026
Automated update on Tue Apr 14 15:48:58 UTC 2026
Automated update on Wed Apr 15 15:46:18 UTC 2026
Automated update on Thu Apr 16 16:04:38 UTC 2026
Automated update on Fri Apr 17 15:35:59 UTC 2026
Automated update on Sat Apr 18 15:05:20 UTC 2026
Automated update on Sun Apr 19 15:05:43 UTC 2026
Automated update on Mon Apr 20 15:52:16 UTC 2026
Automated update on Tue Apr 21 15:51:27 UTC 2026
Automated update on Wed Apr 22 15:49:35 UTC 2026
Automated update on Thu Apr 23 16:16:01 UTC 2026
Automated update on Fri Apr 24 15:45:43 UTC 2026
Automated update on Sat Apr 25 15:07:26 UTC 2026
Automated update on Sun Apr 26 15:07:54 UTC 2026
Automated update on Mon Apr 27 16:06:55 UTC 2026
Automated update on Tue Apr 28 16:22:16 UTC 2026
Automated update on Wed Apr 29 16:12:43 UTC 2026
Automated update on Thu Apr 30 16:00:08 UTC 2026
Automated update on Fri May  1 15:32:11 UTC 2026
Automated update on Sat May  2 15:10:47 UTC 2026
Automated update on Sun May  3 15:10:05 UTC 2026
Automated update on Mon May  4 16:17:14 UTC 2026
Automated update on Wed May  6 16:14:04 UTC 2026
Automated update on Thu May  7 16:21:27 UTC 2026
Automated update on Fri May  8 15:58:24 UTC 2026
Automated update on Sat May  9 15:29:01 UTC 2026
Automated update on Sun May 10 15:30:17 UTC 2026
Automated update on Mon May 11 17:08:15 UTC 2026
Automated update on Tue May 12 16:36:26 UTC 2026
Automated update on Wed May 13 16:38:44 UTC 2026
Automated update on Thu May 14 16:25:54 UTC 2026
Automated update on Fri May 15 16:18:42 UTC 2026
Automated update on Sat May 16 15:33:27 UTC 2026
Automated update on Sun May 17 15:36:09 UTC 2026
Automated update on Mon May 18 17:15:52 UTC 2026
Automated update on Tue May 19 17:24:38 UTC 2026
Automated update on Wed May 20 17:38:53 UTC 2026
Automated update on Thu May 21 17:13:05 UTC 2026
Automated update on Fri May 22 16:40:05 UTC 2026
Automated update on Sat May 23 15:40:48 UTC 2026
Automated update on Sun May 24 15:42:22 UTC 2026
Automated update on Mon May 25 16:37:30 UTC 2026
Automated update on Tue May 26 17:41:54 UTC 2026
Automated update on Wed May 27 17:40:33 UTC 2026
Automated update on Thu May 28 17:48:14 UTC 2026
Automated update on Fri May 29 17:48:49 UTC 2026
Automated update on Sat May 30 15:45:30 UTC 2026
Automated update on Sun May 31 15:48:00 UTC 2026
Automated update on Mon Jun  1 19:27:35 UTC 2026
Automated update on Tue Jun  2 18:13:03 UTC 2026
Automated update on Wed Jun  3 18:34:01 UTC 2026
Automated update on Thu Jun  4 17:27:32 UTC 2026
Automated update on Fri Jun  5 16:58:43 UTC 2026
Automated update on Sat Jun  6 15:49:29 UTC 2026
Automated update on Sun Jun  7 15:50:25 UTC 2026
Automated update on Mon Jun  8 17:34:04 UTC 2026
Automated update on Tue Jun  9 17:07:35 UTC 2026
Automated update on Wed Jun 10 17:41:17 UTC 2026
Automated update on Thu Jun 11 17:49:55 UTC 2026
Automated update on Fri Jun 12 17:20:54 UTC 2026
Automated update on Sat Jun 13 15:56:37 UTC 2026
Automated update on Sun Jun 14 16:04:49 UTC 2026
Automated update on Mon Jun 15 18:49:13 UTC 2026
Automated update on Tue Jun 16 18:42:04 UTC 2026
Automated update on Wed Jun 17 17:28:20 UTC 2026
Automated update on Thu Jun 18 17:40:39 UTC 2026
Automated update on Fri Jun 19 16:57:03 UTC 2026
Automated update on Sat Jun 20 15:57:29 UTC 2026
